[debug] [2024-06-28T15:58:05.255Z] ----------------------------------------------------------------------
[debug] [2024-06-28T15:58:05.258Z] Command:       /usr/bin/node /usr/local/bin/firebase deploy
[debug] [2024-06-28T15:58:05.258Z] CLI Version:   13.11.2
[debug] [2024-06-28T15:58:05.259Z] Platform:      linux
[debug] [2024-06-28T15:58:05.259Z] Node Version:  v18.13.0
[debug] [2024-06-28T15:58:05.259Z] Time:          Fri Jun 28 2024 20:58:05 GMT+0500 (Pakistan Standard Time)
[debug] [2024-06-28T15:58:05.259Z] ----------------------------------------------------------------------
[debug] 
[debug] [2024-06-28T15:58:05.371Z] > command requires scopes: ["email","openid","https://www.googleapis.com/auth/cloudplatformprojects.readonly","https://www.googleapis.com/auth/firebase","https://www.googleapis.com/auth/cloud-platform"]
[debug] [2024-06-28T15:58:05.372Z] > authorizing via signed-in user (raffayhassan12@gmail.com)
[debug] [2024-06-28T15:58:05.372Z] [iam] checking project performancehub-ee33b for permissions ["firebase.projects.get","firebasehosting.sites.update"]
[debug] [2024-06-28T15:58:05.377Z] >>> [apiv2][query] POST https://cloudresourcemanager.googleapis.com/v1/projects/performancehub-ee33b:testIamPermissions [none]
[debug] [2024-06-28T15:58:05.377Z] >>> [apiv2][(partial)header] POST https://cloudresourcemanager.googleapis.com/v1/projects/performancehub-ee33b:testIamPermissions x-goog-quota-user=projects/performancehub-ee33b
[debug] [2024-06-28T15:58:05.378Z] >>> [apiv2][body] POST https://cloudresourcemanager.googleapis.com/v1/projects/performancehub-ee33b:testIamPermissions {"permissions":["firebase.projects.get","firebasehosting.sites.update"]}
[debug] [2024-06-28T15:58:06.927Z] <<< [apiv2][status] POST https://cloudresourcemanager.googleapis.com/v1/projects/performancehub-ee33b:testIamPermissions 200
[debug] [2024-06-28T15:58:06.927Z] <<< [apiv2][body] POST https://cloudresourcemanager.googleapis.com/v1/projects/performancehub-ee33b:testIamPermissions {"permissions":["firebase.projects.get","firebasehosting.sites.update"]}
[debug] [2024-06-28T15:58:06.929Z] >>> [apiv2][query] GET https://firebase.googleapis.com/v1beta1/projects/performancehub-ee33b [none]
[debug] [2024-06-28T15:58:07.532Z] <<< [apiv2][status] GET https://firebase.googleapis.com/v1beta1/projects/performancehub-ee33b 200
[debug] [2024-06-28T15:58:07.532Z] <<< [apiv2][body] GET https://firebase.googleapis.com/v1beta1/projects/performancehub-ee33b {"projectId":"performancehub-ee33b","projectNumber":"226236402271","displayName":"Performancehub","name":"projects/performancehub-ee33b","resources":{"hostingSite":"performancehub-ee33b"},"state":"ACTIVE","etag":"1_f05fad33-bb83-466a-8ed1-e4cb739eeac4"}
[info] 
[info] === Deploying to 'performancehub-ee33b'...
[info] 
[info] i  deploying hosting 
[debug] [2024-06-28T15:58:07.540Z] >>> [apiv2][query] POST https://firebasehosting.googleapis.com/v1beta1/projects/-/sites/performancehub-ee33b/versions [none]
[debug] [2024-06-28T15:58:07.540Z] >>> [apiv2][body] POST https://firebasehosting.googleapis.com/v1beta1/projects/-/sites/performancehub-ee33b/versions {"status":"CREATED","labels":{"deployment-tool":"cli-firebase"}}
